2012/12/15 13:36:41 [trace] [system.CModule] Loading "log" application component
in C:\Trabajo\Proyecto\GestionWeb\ria\phpcode\GestionWeb\index.php (13)
2012/12/15 13:36:41 [trace] [system.CModule] Loading "bootstrap" application component
in C:\Trabajo\Proyecto\GestionWeb\ria\phpcode\GestionWeb\index.php (13)
2012/12/15 13:36:41 [trace] [system.CModule] Loading "clientScript" application component
in C:\Trabajo\Proyecto\GestionWeb\ria\phpcode\GestionWeb\protected\extensions\bootstrap\components\Bootstrap.php (163)
in C:\Trabajo\Proyecto\GestionWeb\ria\phpcode\GestionWeb\protected\extensions\bootstrap\components\Bootstrap.php (124)
in C:\Trabajo\Proyecto\GestionWeb\ria\phpcode\GestionWeb\protected\extensions\bootstrap\components\Bootstrap.php (102)
2012/12/15 13:36:41 [trace] [system.CModule] Loading "assetManager" application component
in C:\Trabajo\Proyecto\GestionWeb\ria\phpcode\GestionWeb\protected\extensions\bootstrap\components\Bootstrap.php (458)
in C:\Trabajo\Proyecto\GestionWeb\ria\phpcode\GestionWeb\protected\extensions\bootstrap\components\Bootstrap.php (163)
in C:\Trabajo\Proyecto\GestionWeb\ria\phpcode\GestionWeb\protected\extensions\bootstrap\components\Bootstrap.php (124)
2012/12/15 13:36:41 [trace] [system.CModule] Loading "request" application component
in C:\Trabajo\Proyecto\GestionWeb\ria\phpcode\GestionWeb\protected\extensions\bootstrap\components\Bootstrap.php (458)
in C:\Trabajo\Proyecto\GestionWeb\ria\phpcode\GestionWeb\protected\extensions\bootstrap\components\Bootstrap.php (163)
in C:\Trabajo\Proyecto\GestionWeb\ria\phpcode\GestionWeb\protected\extensions\bootstrap\components\Bootstrap.php (124)
2012/12/15 13:36:42 [trace] [system.CModule] Loading "urlManager" application component
in C:\Trabajo\Proyecto\GestionWeb\ria\phpcode\GestionWeb\index.php (13)
2012/12/15 13:36:42 [trace] [system.web.filters.CFilterChain] Running filter ProductoController.filteraccessControl()
in C:\Trabajo\Proyecto\GestionWeb\ria\phpcode\GestionWeb\index.php (13)
2012/12/15 13:36:42 [trace] [system.CModule] Loading "user" application component
in C:\Trabajo\Proyecto\GestionWeb\ria\phpcode\GestionWeb\index.php (13)
2012/12/15 13:36:42 [trace] [system.CModule] Loading "session" application component
in C:\Trabajo\Proyecto\GestionWeb\ria\phpcode\GestionWeb\index.php (13)
2012/12/15 13:36:42 [trace] [system.CModule] Loading "db" application component
in C:\Trabajo\Proyecto\GestionWeb\ria\phpcode\GestionWeb\protected\controllers\ProductoController.php (65)
in C:\Trabajo\Proyecto\GestionWeb\ria\phpcode\GestionWeb\index.php (13)
2012/12/15 13:36:42 [trace] [system.db.CDbConnection] Opening DB connection
in C:\Trabajo\Proyecto\GestionWeb\ria\phpcode\GestionWeb\protected\controllers\ProductoController.php (65)
in C:\Trabajo\Proyecto\GestionWeb\ria\phpcode\GestionWeb\index.php (13)
2012/12/15 13:36:42 [trace] [system.db.CDbCommand] Querying SQL: SHOW COLUMNS FROM `producto`
in C:\Trabajo\Proyecto\GestionWeb\ria\phpcode\GestionWeb\protected\controllers\ProductoController.php (65)
in C:\Trabajo\Proyecto\GestionWeb\ria\phpcode\GestionWeb\index.php (13)
2012/12/15 13:36:42 [trace] [system.db.CDbCommand] Querying SQL: SHOW CREATE TABLE `producto`
in C:\Trabajo\Proyecto\GestionWeb\ria\phpcode\GestionWeb\protected\controllers\ProductoController.php (65)
in C:\Trabajo\Proyecto\GestionWeb\ria\phpcode\GestionWeb\index.php (13)
2012/12/15 13:36:42 [trace] [system.CModule] Loading "widgetFactory" application component
in C:\Trabajo\Proyecto\GestionWeb\ria\phpcode\GestionWeb\protected\views\producto\_form.php (12)
in C:\Trabajo\Proyecto\GestionWeb\ria\phpcode\GestionWeb\protected\views\producto\create.php (18)
in C:\Trabajo\Proyecto\GestionWeb\ria\phpcode\GestionWeb\protected\controllers\ProductoController.php (79)
2012/12/15 13:36:42 [trace] [system.CModule] Loading "coreMessages" application component
in C:\Trabajo\Proyecto\GestionWeb\ria\phpcode\GestionWeb\protected\views\layouts\main.php (44)
in C:\Trabajo\Proyecto\GestionWeb\ria\phpcode\GestionWeb\protected\views\layouts\column2.php (23)
in C:\Trabajo\Proyecto\GestionWeb\ria\phpcode\GestionWeb\protected\controllers\ProductoController.php (79)
2012/12/15 13:38:50 [trace] [system.CModule] Loading "log" application component
in C:\Trabajo\Proyecto\GestionWeb\ria\phpcode\GestionWeb\index.php (13)
2012/12/15 13:38:50 [trace] [system.CModule] Loading "bootstrap" application component
in C:\Trabajo\Proyecto\GestionWeb\ria\phpcode\GestionWeb\index.php (13)
2012/12/15 13:38:50 [trace] [system.CModule] Loading "clientScript" application component
in C:\Trabajo\Proyecto\GestionWeb\ria\phpcode\GestionWeb\protected\extensions\bootstrap\components\Bootstrap.php (163)
in C:\Trabajo\Proyecto\GestionWeb\ria\phpcode\GestionWeb\protected\extensions\bootstrap\components\Bootstrap.php (124)
in C:\Trabajo\Proyecto\GestionWeb\ria\phpcode\GestionWeb\protected\extensions\bootstrap\components\Bootstrap.php (102)
2012/12/15 13:38:50 [trace] [system.CModule] Loading "assetManager" application component
in C:\Trabajo\Proyecto\GestionWeb\ria\phpcode\GestionWeb\protected\extensions\bootstrap\components\Bootstrap.php (458)
in C:\Trabajo\Proyecto\GestionWeb\ria\phpcode\GestionWeb\protected\extensions\bootstrap\components\Bootstrap.php (163)
in C:\Trabajo\Proyecto\GestionWeb\ria\phpcode\GestionWeb\protected\extensions\bootstrap\components\Bootstrap.php (124)
2012/12/15 13:38:50 [trace] [system.CModule] Loading "request" application component
in C:\Trabajo\Proyecto\GestionWeb\ria\phpcode\GestionWeb\protected\extensions\bootstrap\components\Bootstrap.php (458)
in C:\Trabajo\Proyecto\GestionWeb\ria\phpcode\GestionWeb\protected\extensions\bootstrap\components\Bootstrap.php (163)
in C:\Trabajo\Proyecto\GestionWeb\ria\phpcode\GestionWeb\protected\extensions\bootstrap\components\Bootstrap.php (124)
2012/12/15 13:38:51 [trace] [system.CModule] Loading "urlManager" application component
in C:\Trabajo\Proyecto\GestionWeb\ria\phpcode\GestionWeb\index.php (13)
2012/12/15 13:38:51 [trace] [system.web.filters.CFilterChain] Running filter ProductoController.filteraccessControl()
in C:\Trabajo\Proyecto\GestionWeb\ria\phpcode\GestionWeb\index.php (13)
2012/12/15 13:38:51 [trace] [system.CModule] Loading "user" application component
in C:\Trabajo\Proyecto\GestionWeb\ria\phpcode\GestionWeb\index.php (13)
2012/12/15 13:38:51 [trace] [system.CModule] Loading "session" application component
in C:\Trabajo\Proyecto\GestionWeb\ria\phpcode\GestionWeb\index.php (13)
2012/12/15 13:38:51 [trace] [system.CModule] Loading "db" application component
in C:\Trabajo\Proyecto\GestionWeb\ria\phpcode\GestionWeb\protected\controllers\ProductoController.php (65)
in C:\Trabajo\Proyecto\GestionWeb\ria\phpcode\GestionWeb\index.php (13)
2012/12/15 13:38:51 [trace] [system.db.CDbConnection] Opening DB connection
in C:\Trabajo\Proyecto\GestionWeb\ria\phpcode\GestionWeb\protected\controllers\ProductoController.php (65)
in C:\Trabajo\Proyecto\GestionWeb\ria\phpcode\GestionWeb\index.php (13)
2012/12/15 13:38:51 [trace] [system.db.CDbCommand] Querying SQL: SHOW COLUMNS FROM `producto`
in C:\Trabajo\Proyecto\GestionWeb\ria\phpcode\GestionWeb\protected\controllers\ProductoController.php (65)
in C:\Trabajo\Proyecto\GestionWeb\ria\phpcode\GestionWeb\index.php (13)
2012/12/15 13:38:51 [trace] [system.db.CDbCommand] Querying SQL: SHOW CREATE TABLE `producto`
in C:\Trabajo\Proyecto\GestionWeb\ria\phpcode\GestionWeb\protected\controllers\ProductoController.php (65)
in C:\Trabajo\Proyecto\GestionWeb\ria\phpcode\GestionWeb\index.php (13)
2012/12/15 13:38:51 [trace] [system.CModule] Loading "widgetFactory" application component
in C:\Trabajo\Proyecto\GestionWeb\ria\phpcode\GestionWeb\protected\views\producto\_form.php (12)
in C:\Trabajo\Proyecto\GestionWeb\ria\phpcode\GestionWeb\protected\views\producto\create.php (18)
in C:\Trabajo\Proyecto\GestionWeb\ria\phpcode\GestionWeb\protected\controllers\ProductoController.php (79)
2012/12/15 13:38:51 [trace] [system.db.CDbCommand] Querying SQL: SHOW COLUMNS FROM `categoriaproducto`
in C:\Trabajo\Proyecto\GestionWeb\ria\phpcode\GestionWeb\protected\models\Categoriaproducto.php (22)
in C:\Trabajo\Proyecto\GestionWeb\ria\phpcode\GestionWeb\protected\views\producto\_form.php (38)
in C:\Trabajo\Proyecto\GestionWeb\ria\phpcode\GestionWeb\protected\views\producto\create.php (18)
2012/12/15 13:38:51 [trace] [system.db.CDbCommand] Querying SQL: SHOW CREATE TABLE `categoriaproducto`
in C:\Trabajo\Proyecto\GestionWeb\ria\phpcode\GestionWeb\protected\models\Categoriaproducto.php (22)
in C:\Trabajo\Proyecto\GestionWeb\ria\phpcode\GestionWeb\protected\views\producto\_form.php (38)
in C:\Trabajo\Proyecto\GestionWeb\ria\phpcode\GestionWeb\protected\views\producto\create.php (18)
2012/12/15 13:38:51 [trace] [system.db.ar.CActiveRecord] Categoriaproducto.findAll()
in C:\Trabajo\Proyecto\GestionWeb\ria\phpcode\GestionWeb\protected\views\producto\_form.php (38)
in C:\Trabajo\Proyecto\GestionWeb\ria\phpcode\GestionWeb\protected\views\producto\create.php (18)
in C:\Trabajo\Proyecto\GestionWeb\ria\phpcode\GestionWeb\protected\controllers\ProductoController.php (79)
2012/12/15 13:38:51 [trace] [system.db.CDbCommand] Querying SQL: SELECT * FROM `categoriaproducto` `t`
in C:\Trabajo\Proyecto\GestionWeb\ria\phpcode\GestionWeb\protected\views\producto\_form.php (38)
in C:\Trabajo\Proyecto\GestionWeb\ria\phpcode\GestionWeb\protected\views\producto\create.php (18)
in C:\Trabajo\Proyecto\GestionWeb\ria\phpcode\GestionWeb\protected\controllers\ProductoController.php (79)
2012/12/15 13:38:51 [trace] [system.CModule] Loading "coreMessages" application component
in C:\Trabajo\Proyecto\GestionWeb\ria\phpcode\GestionWeb\protected\views\layouts\main.php (44)
in C:\Trabajo\Proyecto\GestionWeb\ria\phpcode\GestionWeb\protected\views\layouts\column2.php (23)
in C:\Trabajo\Proyecto\GestionWeb\ria\phpcode\GestionWeb\protected\controllers\ProductoController.php (79)
2012/12/15 13:39:05 [trace] [system.CModule] Loading "log" application component
in C:\Trabajo\Proyecto\GestionWeb\ria\phpcode\GestionWeb\index.php (13)
2012/12/15 13:39:05 [trace] [system.CModule] Loading "bootstrap" application component
in C:\Trabajo\Proyecto\GestionWeb\ria\phpcode\GestionWeb\index.php (13)
2012/12/15 13:39:05 [trace] [system.CModule] Loading "clientScript" application component
in C:\Trabajo\Proyecto\GestionWeb\ria\phpcode\GestionWeb\protected\extensions\bootstrap\components\Bootstrap.php (163)
in C:\Trabajo\Proyecto\GestionWeb\ria\phpcode\GestionWeb\protected\extensions\bootstrap\components\Bootstrap.php (124)
in C:\Trabajo\Proyecto\GestionWeb\ria\phpcode\GestionWeb\protected\extensions\bootstrap\components\Bootstrap.php (102)
2012/12/15 13:39:05 [trace] [system.CModule] Loading "assetManager" application component
in C:\Trabajo\Proyecto\GestionWeb\ria\phpcode\GestionWeb\protected\extensions\bootstrap\components\Bootstrap.php (458)
in C:\Trabajo\Proyecto\GestionWeb\ria\phpcode\GestionWeb\protected\extensions\bootstrap\components\Bootstrap.php (163)
in C:\Trabajo\Proyecto\GestionWeb\ria\phpcode\GestionWeb\protected\extensions\bootstrap\components\Bootstrap.php (124)
2012/12/15 13:39:05 [trace] [system.CModule] Loading "request" application component
in C:\Trabajo\Proyecto\GestionWeb\ria\phpcode\GestionWeb\protected\extensions\bootstrap\components\Bootstrap.php (458)
in C:\Trabajo\Proyecto\GestionWeb\ria\phpcode\GestionWeb\protected\extensions\bootstrap\components\Bootstrap.php (163)
in C:\Trabajo\Proyecto\GestionWeb\ria\phpcode\GestionWeb\protected\extensions\bootstrap\components\Bootstrap.php (124)
2012/12/15 13:39:06 [trace] [system.CModule] Loading "urlManager" application component
in C:\Trabajo\Proyecto\GestionWeb\ria\phpcode\GestionWeb\index.php (13)
2012/12/15 13:39:06 [trace] [system.web.filters.CFilterChain] Running filter ProductoController.filteraccessControl()
in C:\Trabajo\Proyecto\GestionWeb\ria\phpcode\GestionWeb\index.php (13)
2012/12/15 13:39:06 [trace] [system.CModule] Loading "user" application component
in C:\Trabajo\Proyecto\GestionWeb\ria\phpcode\GestionWeb\index.php (13)
2012/12/15 13:39:06 [trace] [system.CModule] Loading "session" application component
in C:\Trabajo\Proyecto\GestionWeb\ria\phpcode\GestionWeb\index.php (13)
2012/12/15 13:39:06 [trace] [system.CModule] Loading "db" application component
in C:\Trabajo\Proyecto\GestionWeb\ria\phpcode\GestionWeb\protected\controllers\ProductoController.php (65)
in C:\Trabajo\Proyecto\GestionWeb\ria\phpcode\GestionWeb\index.php (13)
2012/12/15 13:39:06 [trace] [system.db.CDbConnection] Opening DB connection
in C:\Trabajo\Proyecto\GestionWeb\ria\phpcode\GestionWeb\protected\controllers\ProductoController.php (65)
in C:\Trabajo\Proyecto\GestionWeb\ria\phpcode\GestionWeb\index.php (13)
2012/12/15 13:39:06 [trace] [system.db.CDbCommand] Querying SQL: SHOW COLUMNS FROM `producto`
in C:\Trabajo\Proyecto\GestionWeb\ria\phpcode\GestionWeb\protected\controllers\ProductoController.php (65)
in C:\Trabajo\Proyecto\GestionWeb\ria\phpcode\GestionWeb\index.php (13)
2012/12/15 13:39:06 [trace] [system.db.CDbCommand] Querying SQL: SHOW CREATE TABLE `producto`
in C:\Trabajo\Proyecto\GestionWeb\ria\phpcode\GestionWeb\protected\controllers\ProductoController.php (65)
in C:\Trabajo\Proyecto\GestionWeb\ria\phpcode\GestionWeb\index.php (13)
2012/12/15 13:39:06 [trace] [system.db.ar.CActiveRecord] Producto.insert()
in C:\Trabajo\Proyecto\GestionWeb\ria\phpcode\GestionWeb\protected\controllers\ProductoController.php (73)
in C:\Trabajo\Proyecto\GestionWeb\ria\phpcode\GestionWeb\index.php (13)
2012/12/15 13:39:06 [trace] [system.db.CDbCommand] Executing SQL: INSERT INTO `producto` (`nombre`, `precioVentaUnitario`, `descripcion`, `categoria_id`, `precioCostoUnitario`) VALUES (:yp0, :yp1, :yp2, :yp3, :yp4)
in C:\Trabajo\Proyecto\GestionWeb\ria\phpcode\GestionWeb\protected\controllers\ProductoController.php (73)
in C:\Trabajo\Proyecto\GestionWeb\ria\phpcode\GestionWeb\index.php (13)
2012/12/15 13:39:06 [trace] [system.CModule] Loading "log" application component
in C:\Trabajo\Proyecto\GestionWeb\ria\phpcode\GestionWeb\index.php (13)
2012/12/15 13:39:06 [trace] [system.CModule] Loading "bootstrap" application component
in C:\Trabajo\Proyecto\GestionWeb\ria\phpcode\GestionWeb\index.php (13)
2012/12/15 13:39:06 [trace] [system.CModule] Loading "clientScript" application component
in C:\Trabajo\Proyecto\GestionWeb\ria\phpcode\GestionWeb\protected\extensions\bootstrap\components\Bootstrap.php (163)
in C:\Trabajo\Proyecto\GestionWeb\ria\phpcode\GestionWeb\protected\extensions\bootstrap\components\Bootstrap.php (124)
in C:\Trabajo\Proyecto\GestionWeb\ria\phpcode\GestionWeb\protected\extensions\bootstrap\components\Bootstrap.php (102)
2012/12/15 13:39:06 [trace] [system.CModule] Loading "assetManager" application component
in C:\Trabajo\Proyecto\GestionWeb\ria\phpcode\GestionWeb\protected\extensions\bootstrap\components\Bootstrap.php (458)
in C:\Trabajo\Proyecto\GestionWeb\ria\phpcode\GestionWeb\protected\extensions\bootstrap\components\Bootstrap.php (163)
in C:\Trabajo\Proyecto\GestionWeb\ria\phpcode\GestionWeb\protected\extensions\bootstrap\components\Bootstrap.php (124)
2012/12/15 13:39:06 [trace] [system.CModule] Loading "request" application component
in C:\Trabajo\Proyecto\GestionWeb\ria\phpcode\GestionWeb\protected\extensions\bootstrap\components\Bootstrap.php (458)
in C:\Trabajo\Proyecto\GestionWeb\ria\phpcode\GestionWeb\protected\extensions\bootstrap\components\Bootstrap.php (163)
in C:\Trabajo\Proyecto\GestionWeb\ria\phpcode\GestionWeb\protected\extensions\bootstrap\components\Bootstrap.php (124)
2012/12/15 13:39:07 [trace] [system.CModule] Loading "urlManager" application component
in C:\Trabajo\Proyecto\GestionWeb\ria\phpcode\GestionWeb\index.php (13)
2012/12/15 13:39:07 [trace] [system.web.filters.CFilterChain] Running filter ProductoController.filteraccessControl()
in C:\Trabajo\Proyecto\GestionWeb\ria\phpcode\GestionWeb\index.php (13)
2012/12/15 13:39:07 [trace] [system.CModule] Loading "user" application component
in C:\Trabajo\Proyecto\GestionWeb\ria\phpcode\GestionWeb\index.php (13)
2012/12/15 13:39:07 [trace] [system.CModule] Loading "session" application component
in C:\Trabajo\Proyecto\GestionWeb\ria\phpcode\GestionWeb\index.php (13)
2012/12/15 13:39:07 [trace] [system.CModule] Loading "db" application component
in C:\Trabajo\Proyecto\GestionWeb\ria\phpcode\GestionWeb\protected\models\Producto.php (30)
in C:\Trabajo\Proyecto\GestionWeb\ria\phpcode\GestionWeb\protected\controllers\ProductoController.php (153)
in C:\Trabajo\Proyecto\GestionWeb\ria\phpcode\GestionWeb\protected\controllers\ProductoController.php (55)
2012/12/15 13:39:07 [trace] [system.db.CDbConnection] Opening DB connection
in C:\Trabajo\Proyecto\GestionWeb\ria\phpcode\GestionWeb\protected\models\Producto.php (30)
in C:\Trabajo\Proyecto\GestionWeb\ria\phpcode\GestionWeb\protected\controllers\ProductoController.php (153)
in C:\Trabajo\Proyecto\GestionWeb\ria\phpcode\GestionWeb\protected\controllers\ProductoController.php (55)
2012/12/15 13:39:07 [trace] [system.db.CDbCommand] Querying SQL: SHOW COLUMNS FROM `producto`
in C:\Trabajo\Proyecto\GestionWeb\ria\phpcode\GestionWeb\protected\models\Producto.php (30)
in C:\Trabajo\Proyecto\GestionWeb\ria\phpcode\GestionWeb\protected\controllers\ProductoController.php (153)
in C:\Trabajo\Proyecto\GestionWeb\ria\phpcode\GestionWeb\protected\controllers\ProductoController.php (55)
2012/12/15 13:39:07 [trace] [system.db.CDbCommand] Querying SQL: SHOW CREATE TABLE `producto`
in C:\Trabajo\Proyecto\GestionWeb\ria\phpcode\GestionWeb\protected\models\Producto.php (30)
in C:\Trabajo\Proyecto\GestionWeb\ria\phpcode\GestionWeb\protected\controllers\ProductoController.php (153)
in C:\Trabajo\Proyecto\GestionWeb\ria\phpcode\GestionWeb\protected\controllers\ProductoController.php (55)
2012/12/15 13:39:07 [trace] [system.db.ar.CActiveRecord] Producto.findByPk()
in C:\Trabajo\Proyecto\GestionWeb\ria\phpcode\GestionWeb\protected\controllers\ProductoController.php (153)
in C:\Trabajo\Proyecto\GestionWeb\ria\phpcode\GestionWeb\protected\controllers\ProductoController.php (55)
in C:\Trabajo\Proyecto\GestionWeb\ria\phpcode\GestionWeb\index.php (13)
2012/12/15 13:39:07 [trace] [system.db.CDbCommand] Querying SQL: SELECT * FROM `producto` `t` WHERE `t`.`id`=1 LIMIT 1
in C:\Trabajo\Proyecto\GestionWeb\ria\phpcode\GestionWeb\protected\controllers\ProductoController.php (153)
in C:\Trabajo\Proyecto\GestionWeb\ria\phpcode\GestionWeb\protected\controllers\ProductoController.php (55)
in C:\Trabajo\Proyecto\GestionWeb\ria\phpcode\GestionWeb\index.php (13)
2012/12/15 13:39:07 [trace] [system.CModule] Loading "widgetFactory" application component
in C:\Trabajo\Proyecto\GestionWeb\ria\phpcode\GestionWeb\protected\views\producto\view.php (31)
in C:\Trabajo\Proyecto\GestionWeb\ria\phpcode\GestionWeb\protected\controllers\ProductoController.php (56)
in C:\Trabajo\Proyecto\GestionWeb\ria\phpcode\GestionWeb\index.php (13)
2012/12/15 13:39:07 [trace] [system.CModule] Loading "coreMessages" application component
in C:\Trabajo\Proyecto\GestionWeb\ria\phpcode\GestionWeb\protected\views\producto\view.php (31)
in C:\Trabajo\Proyecto\GestionWeb\ria\phpcode\GestionWeb\protected\controllers\ProductoController.php (56)
in C:\Trabajo\Proyecto\GestionWeb\ria\phpcode\GestionWeb\index.php (13)
2012/12/15 13:39:07 [trace] [system.CModule] Loading "format" application component
in C:\Trabajo\Proyecto\GestionWeb\ria\phpcode\GestionWeb\protected\views\producto\view.php (31)
in C:\Trabajo\Proyecto\GestionWeb\ria\phpcode\GestionWeb\protected\controllers\ProductoController.php (56)
in C:\Trabajo\Proyecto\GestionWeb\ria\phpcode\GestionWeb\index.php (13)
2012/12/15 13:54:36 [trace] [system.CModule] Loading "log" application component
in C:\Trabajo\Proyecto\GestionWeb\ria\phpcode\GestionWeb\index.php (13)
2012/12/15 13:54:36 [trace] [system.CModule] Loading "bootstrap" application component
in C:\Trabajo\Proyecto\GestionWeb\ria\phpcode\GestionWeb\index.php (13)
2012/12/15 13:54:36 [trace] [system.CModule] Loading "clientScript" application component
in C:\Trabajo\Proyecto\GestionWeb\ria\phpcode\GestionWeb\protected\extensions\bootstrap\components\Bootstrap.php (163)
in C:\Trabajo\Proyecto\GestionWeb\ria\phpcode\GestionWeb\protected\extensions\bootstrap\components\Bootstrap.php (124)
in C:\Trabajo\Proyecto\GestionWeb\ria\phpcode\GestionWeb\protected\extensions\bootstrap\components\Bootstrap.php (102)
2012/12/15 13:54:36 [trace] [system.CModule] Loading "assetManager" application component
in C:\Trabajo\Proyecto\GestionWeb\ria\phpcode\GestionWeb\protected\extensions\bootstrap\components\Bootstrap.php (458)
in C:\Trabajo\Proyecto\GestionWeb\ria\phpcode\GestionWeb\protected\extensions\bootstrap\components\Bootstrap.php (163)
in C:\Trabajo\Proyecto\GestionWeb\ria\phpcode\GestionWeb\protected\extensions\bootstrap\components\Bootstrap.php (124)
2012/12/15 13:54:36 [trace] [system.CModule] Loading "request" application component
in C:\Trabajo\Proyecto\GestionWeb\ria\phpcode\GestionWeb\protected\extensions\bootstrap\components\Bootstrap.php (458)
in C:\Trabajo\Proyecto\GestionWeb\ria\phpcode\GestionWeb\protected\extensions\bootstrap\components\Bootstrap.php (163)
in C:\Trabajo\Proyecto\GestionWeb\ria\phpcode\GestionWeb\protected\extensions\bootstrap\components\Bootstrap.php (124)
2012/12/15 13:54:37 [trace] [system.CModule] Loading "urlManager" application component
in C:\Trabajo\Proyecto\GestionWeb\ria\phpcode\GestionWeb\index.php (13)
2012/12/15 13:54:37 [trace] [system.web.filters.CFilterChain] Running filter ProductoController.filteraccessControl()
in C:\Trabajo\Proyecto\GestionWeb\ria\phpcode\GestionWeb\index.php (13)
2012/12/15 13:54:37 [trace] [system.CModule] Loading "user" application component
in C:\Trabajo\Proyecto\GestionWeb\ria\phpcode\GestionWeb\index.php (13)
2012/12/15 13:54:37 [trace] [system.CModule] Loading "session" application component
in C:\Trabajo\Proyecto\GestionWeb\ria\phpcode\GestionWeb\index.php (13)
2012/12/15 13:54:37 [trace] [system.CModule] Loading "db" application component
in C:\Trabajo\Proyecto\GestionWeb\ria\phpcode\GestionWeb\protected\controllers\ProductoController.php (125)
in C:\Trabajo\Proyecto\GestionWeb\ria\phpcode\GestionWeb\index.php (13)
2012/12/15 13:54:37 [trace] [system.db.CDbConnection] Opening DB connection
in C:\Trabajo\Proyecto\GestionWeb\ria\phpcode\GestionWeb\protected\controllers\ProductoController.php (125)
in C:\Trabajo\Proyecto\GestionWeb\ria\phpcode\GestionWeb\index.php (13)
2012/12/15 13:54:37 [trace] [system.db.CDbCommand] Querying SQL: SHOW COLUMNS FROM `producto`
in C:\Trabajo\Proyecto\GestionWeb\ria\phpcode\GestionWeb\protected\controllers\ProductoController.php (125)
in C:\Trabajo\Proyecto\GestionWeb\ria\phpcode\GestionWeb\index.php (13)
2012/12/15 13:54:37 [trace] [system.db.CDbCommand] Querying SQL: SHOW CREATE TABLE `producto`
in C:\Trabajo\Proyecto\GestionWeb\ria\phpcode\GestionWeb\protected\controllers\ProductoController.php (125)
in C:\Trabajo\Proyecto\GestionWeb\ria\phpcode\GestionWeb\index.php (13)
2012/12/15 13:54:37 [trace] [system.CModule] Loading "widgetFactory" application component
in C:\Trabajo\Proyecto\GestionWeb\ria\phpcode\GestionWeb\protected\views\producto\index.php (20)
in C:\Trabajo\Proyecto\GestionWeb\ria\phpcode\GestionWeb\protected\controllers\ProductoController.php (128)
in C:\Trabajo\Proyecto\GestionWeb\ria\phpcode\GestionWeb\index.php (13)
2012/12/15 13:54:37 [trace] [system.db.ar.CActiveRecord] Producto.count()
in C:\Trabajo\Proyecto\GestionWeb\ria\phpcode\GestionWeb\protected\views\producto\index.php (20)
in C:\Trabajo\Proyecto\GestionWeb\ria\phpcode\GestionWeb\protected\controllers\ProductoController.php (128)
in C:\Trabajo\Proyecto\GestionWeb\ria\phpcode\GestionWeb\index.php (13)
2012/12/15 13:54:37 [trace] [system.db.CDbCommand] Querying SQL: SELECT COUNT(*) FROM `producto` `t`
in C:\Trabajo\Proyecto\GestionWeb\ria\phpcode\GestionWeb\protected\views\producto\index.php (20)
in C:\Trabajo\Proyecto\GestionWeb\ria\phpcode\GestionWeb\protected\controllers\ProductoController.php (128)
in C:\Trabajo\Proyecto\GestionWeb\ria\phpcode\GestionWeb\index.php (13)
2012/12/15 13:54:37 [trace] [system.db.ar.CActiveRecord] Producto.findAll()
in C:\Trabajo\Proyecto\GestionWeb\ria\phpcode\GestionWeb\protected\views\producto\index.php (20)
in C:\Trabajo\Proyecto\GestionWeb\ria\phpcode\GestionWeb\protected\controllers\ProductoController.php (128)
in C:\Trabajo\Proyecto\GestionWeb\ria\phpcode\GestionWeb\index.php (13)
2012/12/15 13:54:37 [trace] [system.db.CDbCommand] Querying SQL: SELECT * FROM `producto` `t` LIMIT 10
in C:\Trabajo\Proyecto\GestionWeb\ria\phpcode\GestionWeb\protected\views\producto\index.php (20)
in C:\Trabajo\Proyecto\GestionWeb\ria\phpcode\GestionWeb\protected\controllers\ProductoController.php (128)
in C:\Trabajo\Proyecto\GestionWeb\ria\phpcode\GestionWeb\index.php (13)
2012/12/15 13:54:37 [trace] [system.CModule] Loading "coreMessages" application component
in C:\Trabajo\Proyecto\GestionWeb\ria\phpcode\GestionWeb\protected\views\producto\index.php (20)
in C:\Trabajo\Proyecto\GestionWeb\ria\phpcode\GestionWeb\protected\controllers\ProductoController.php (128)
in C:\Trabajo\Proyecto\GestionWeb\ria\phpcode\GestionWeb\index.php (13)
2012/12/15 13:54:39 [trace] [system.CModule] Loading "log" application component
in C:\Trabajo\Proyecto\GestionWeb\ria\phpcode\GestionWeb\index.php (13)
2012/12/15 13:54:39 [trace] [system.CModule] Loading "bootstrap" application component
in C:\Trabajo\Proyecto\GestionWeb\ria\phpcode\GestionWeb\index.php (13)
2012/12/15 13:54:39 [trace] [system.CModule] Loading "clientScript" application component
in C:\Trabajo\Proyecto\GestionWeb\ria\phpcode\GestionWeb\protected\extensions\bootstrap\components\Bootstrap.php (163)
in C:\Trabajo\Proyecto\GestionWeb\ria\phpcode\GestionWeb\protected\extensions\bootstrap\components\Bootstrap.php (124)
in C:\Trabajo\Proyecto\GestionWeb\ria\phpcode\GestionWeb\protected\extensions\bootstrap\components\Bootstrap.php (102)
2012/12/15 13:54:39 [trace] [system.CModule] Loading "assetManager" application component
in C:\Trabajo\Proyecto\GestionWeb\ria\phpcode\GestionWeb\protected\extensions\bootstrap\components\Bootstrap.php (458)
in C:\Trabajo\Proyecto\GestionWeb\ria\phpcode\GestionWeb\protected\extensions\bootstrap\components\Bootstrap.php (163)
in C:\Trabajo\Proyecto\GestionWeb\ria\phpcode\GestionWeb\protected\extensions\bootstrap\components\Bootstrap.php (124)
2012/12/15 13:54:39 [trace] [system.CModule] Loading "request" application component
in C:\Trabajo\Proyecto\GestionWeb\ria\phpcode\GestionWeb\protected\extensions\bootstrap\components\Bootstrap.php (458)
in C:\Trabajo\Proyecto\GestionWeb\ria\phpcode\GestionWeb\protected\extensions\bootstrap\components\Bootstrap.php (163)
in C:\Trabajo\Proyecto\GestionWeb\ria\phpcode\GestionWeb\protected\extensions\bootstrap\components\Bootstrap.php (124)
2012/12/15 13:54:40 [trace] [system.CModule] Loading "urlManager" application component
in C:\Trabajo\Proyecto\GestionWeb\ria\phpcode\GestionWeb\index.php (13)
2012/12/15 13:54:40 [trace] [system.web.filters.CFilterChain] Running filter ProductoController.filteraccessControl()
in C:\Trabajo\Proyecto\GestionWeb\ria\phpcode\GestionWeb\index.php (13)
2012/12/15 13:54:40 [trace] [system.CModule] Loading "user" application component
in C:\Trabajo\Proyecto\GestionWeb\ria\phpcode\GestionWeb\index.php (13)
2012/12/15 13:54:40 [trace] [system.CModule] Loading "session" application component
in C:\Trabajo\Proyecto\GestionWeb\ria\phpcode\GestionWeb\index.php (13)
2012/12/15 13:54:40 [trace] [system.CModule] Loading "db" application component
in C:\Trabajo\Proyecto\GestionWeb\ria\phpcode\GestionWeb\protected\controllers\ProductoController.php (65)
in C:\Trabajo\Proyecto\GestionWeb\ria\phpcode\GestionWeb\index.php (13)
2012/12/15 13:54:40 [trace] [system.db.CDbConnection] Opening DB connection
in C:\Trabajo\Proyecto\GestionWeb\ria\phpcode\GestionWeb\protected\controllers\ProductoController.php (65)
in C:\Trabajo\Proyecto\GestionWeb\ria\phpcode\GestionWeb\index.php (13)
2012/12/15 13:54:40 [trace] [system.db.CDbCommand] Querying SQL: SHOW COLUMNS FROM `producto`
in C:\Trabajo\Proyecto\GestionWeb\ria\phpcode\GestionWeb\protected\controllers\ProductoController.php (65)
in C:\Trabajo\Proyecto\GestionWeb\ria\phpcode\GestionWeb\index.php (13)
2012/12/15 13:54:40 [trace] [system.db.CDbCommand] Querying SQL: SHOW CREATE TABLE `producto`
in C:\Trabajo\Proyecto\GestionWeb\ria\phpcode\GestionWeb\protected\controllers\ProductoController.php (65)
in C:\Trabajo\Proyecto\GestionWeb\ria\phpcode\GestionWeb\index.php (13)
2012/12/15 13:54:40 [trace] [system.CModule] Loading "widgetFactory" application component
in C:\Trabajo\Proyecto\GestionWeb\ria\phpcode\GestionWeb\protected\views\producto\_form.php (14)
in C:\Trabajo\Proyecto\GestionWeb\ria\phpcode\GestionWeb\protected\views\producto\create.php (18)
in C:\Trabajo\Proyecto\GestionWeb\ria\phpcode\GestionWeb\protected\controllers\ProductoController.php (79)
2012/12/15 13:54:40 [trace] [system.db.CDbCommand] Querying SQL: SHOW COLUMNS FROM `categoriaproducto`
in C:\Trabajo\Proyecto\GestionWeb\ria\phpcode\GestionWeb\protected\models\Categoriaproducto.php (22)
in C:\Trabajo\Proyecto\GestionWeb\ria\phpcode\GestionWeb\protected\views\producto\_form.php (40)
in C:\Trabajo\Proyecto\GestionWeb\ria\phpcode\GestionWeb\protected\views\producto\create.php (18)
2012/12/15 13:54:40 [trace] [system.db.CDbCommand] Querying SQL: SHOW CREATE TABLE `categoriaproducto`
in C:\Trabajo\Proyecto\GestionWeb\ria\phpcode\GestionWeb\protected\models\Categoriaproducto.php (22)
in C:\Trabajo\Proyecto\GestionWeb\ria\phpcode\GestionWeb\protected\views\producto\_form.php (40)
in C:\Trabajo\Proyecto\GestionWeb\ria\phpcode\GestionWeb\protected\views\producto\create.php (18)
2012/12/15 13:54:40 [trace] [system.db.ar.CActiveRecord] Categoriaproducto.findAll()
in C:\Trabajo\Proyecto\GestionWeb\ria\phpcode\GestionWeb\protected\views\producto\_form.php (40)
in C:\Trabajo\Proyecto\GestionWeb\ria\phpcode\GestionWeb\protected\views\producto\create.php (18)
in C:\Trabajo\Proyecto\GestionWeb\ria\phpcode\GestionWeb\protected\controllers\ProductoController.php (79)
2012/12/15 13:54:40 [trace] [system.db.CDbCommand] Querying SQL: SELECT * FROM `categoriaproducto` `t`
in C:\Trabajo\Proyecto\GestionWeb\ria\phpcode\GestionWeb\protected\views\producto\_form.php (40)
in C:\Trabajo\Proyecto\GestionWeb\ria\phpcode\GestionWeb\protected\views\producto\create.php (18)
in C:\Trabajo\Proyecto\GestionWeb\ria\phpcode\GestionWeb\protected\controllers\ProductoController.php (79)
2012/12/15 13:54:40 [trace] [system.CModule] Loading "coreMessages" application component
in C:\Trabajo\Proyecto\GestionWeb\ria\phpcode\GestionWeb\protected\views\layouts\main.php (44)
in C:\Trabajo\Proyecto\GestionWeb\ria\phpcode\GestionWeb\protected\views\layouts\column2.php (23)
in C:\Trabajo\Proyecto\GestionWeb\ria\phpcode\GestionWeb\protected\controllers\ProductoController.php (79)
2012/12/15 13:54:53 [trace] [system.CModule] Loading "log" application component
in C:\Trabajo\Proyecto\GestionWeb\ria\phpcode\GestionWeb\index.php (13)
2012/12/15 13:54:53 [trace] [system.CModule] Loading "bootstrap" application component
in C:\Trabajo\Proyecto\GestionWeb\ria\phpcode\GestionWeb\index.php (13)
2012/12/15 13:54:53 [trace] [system.CModule] Loading "clientScript" application component
in C:\Trabajo\Proyecto\GestionWeb\ria\phpcode\GestionWeb\protected\extensions\bootstrap\components\Bootstrap.php (163)
in C:\Trabajo\Proyecto\GestionWeb\ria\phpcode\GestionWeb\protected\extensions\bootstrap\components\Bootstrap.php (124)
in C:\Trabajo\Proyecto\GestionWeb\ria\phpcode\GestionWeb\protected\extensions\bootstrap\components\Bootstrap.php (102)
2012/12/15 13:54:53 [trace] [system.CModule] Loading "assetManager" application component
in C:\Trabajo\Proyecto\GestionWeb\ria\phpcode\GestionWeb\protected\extensions\bootstrap\components\Bootstrap.php (458)
in C:\Trabajo\Proyecto\GestionWeb\ria\phpcode\GestionWeb\protected\extensions\bootstrap\components\Bootstrap.php (163)
in C:\Trabajo\Proyecto\GestionWeb\ria\phpcode\GestionWeb\protected\extensions\bootstrap\components\Bootstrap.php (124)
2012/12/15 13:54:53 [trace] [system.CModule] Loading "request" application component
in C:\Trabajo\Proyecto\GestionWeb\ria\phpcode\GestionWeb\protected\extensions\bootstrap\components\Bootstrap.php (458)
in C:\Trabajo\Proyecto\GestionWeb\ria\phpcode\GestionWeb\protected\extensions\bootstrap\components\Bootstrap.php (163)
in C:\Trabajo\Proyecto\GestionWeb\ria\phpcode\GestionWeb\protected\extensions\bootstrap\components\Bootstrap.php (124)
2012/12/15 13:54:54 [trace] [system.CModule] Loading "urlManager" application component
in C:\Trabajo\Proyecto\GestionWeb\ria\phpcode\GestionWeb\index.php (13)
2012/12/15 13:54:54 [trace] [system.web.filters.CFilterChain] Running filter CategoriaproductoController.filteraccessControl()
in C:\Trabajo\Proyecto\GestionWeb\ria\phpcode\GestionWeb\index.php (13)
2012/12/15 13:54:54 [trace] [system.CModule] Loading "user" application component
in C:\Trabajo\Proyecto\GestionWeb\ria\phpcode\GestionWeb\index.php (13)
2012/12/15 13:54:54 [trace] [system.CModule] Loading "session" application component
in C:\Trabajo\Proyecto\GestionWeb\ria\phpcode\GestionWeb\index.php (13)
2012/12/15 13:54:54 [trace] [system.CModule] Loading "db" application component
in C:\Trabajo\Proyecto\GestionWeb\ria\phpcode\GestionWeb\protected\controllers\CategoriaproductoController.php (125)
in C:\Trabajo\Proyecto\GestionWeb\ria\phpcode\GestionWeb\index.php (13)
2012/12/15 13:54:54 [trace] [system.db.CDbConnection] Opening DB connection
in C:\Trabajo\Proyecto\GestionWeb\ria\phpcode\GestionWeb\protected\controllers\CategoriaproductoController.php (125)
in C:\Trabajo\Proyecto\GestionWeb\ria\phpcode\GestionWeb\index.php (13)
2012/12/15 13:54:54 [trace] [system.db.CDbCommand] Querying SQL: SHOW COLUMNS FROM `categoriaproducto`
in C:\Trabajo\Proyecto\GestionWeb\ria\phpcode\GestionWeb\protected\controllers\CategoriaproductoController.php (125)
in C:\Trabajo\Proyecto\GestionWeb\ria\phpcode\GestionWeb\index.php (13)
2012/12/15 13:54:54 [trace] [system.db.CDbCommand] Querying SQL: SHOW CREATE TABLE `categoriaproducto`
in C:\Trabajo\Proyecto\GestionWeb\ria\phpcode\GestionWeb\protected\controllers\CategoriaproductoController.php (125)
in C:\Trabajo\Proyecto\GestionWeb\ria\phpcode\GestionWeb\index.php (13)
2012/12/15 13:54:54 [trace] [system.CModule] Loading "widgetFactory" application component
in C:\Trabajo\Proyecto\GestionWeb\ria\phpcode\GestionWeb\protected\views\categoriaproducto\index.php (20)
in C:\Trabajo\Proyecto\GestionWeb\ria\phpcode\GestionWeb\protected\controllers\CategoriaproductoController.php (128)
in C:\Trabajo\Proyecto\GestionWeb\ria\phpcode\GestionWeb\index.php (13)
2012/12/15 13:54:54 [trace] [system.db.ar.CActiveRecord] Categoriaproducto.count()
in C:\Trabajo\Proyecto\GestionWeb\ria\phpcode\GestionWeb\protected\views\categoriaproducto\index.php (20)
in C:\Trabajo\Proyecto\GestionWeb\ria\phpcode\GestionWeb\protected\controllers\CategoriaproductoController.php (128)
in C:\Trabajo\Proyecto\GestionWeb\ria\phpcode\GestionWeb\index.php (13)
2012/12/15 13:54:54 [trace] [system.db.CDbCommand] Querying SQL: SELECT COUNT(*) FROM `categoriaproducto` `t`
in C:\Trabajo\Proyecto\GestionWeb\ria\phpcode\GestionWeb\protected\views\categoriaproducto\index.php (20)
in C:\Trabajo\Proyecto\GestionWeb\ria\phpcode\GestionWeb\protected\controllers\CategoriaproductoController.php (128)
in C:\Trabajo\Proyecto\GestionWeb\ria\phpcode\GestionWeb\index.php (13)
2012/12/15 13:54:54 [trace] [system.db.ar.CActiveRecord] Categoriaproducto.findAll()
in C:\Trabajo\Proyecto\GestionWeb\ria\phpcode\GestionWeb\protected\views\categoriaproducto\index.php (20)
in C:\Trabajo\Proyecto\GestionWeb\ria\phpcode\GestionWeb\protected\controllers\CategoriaproductoController.php (128)
in C:\Trabajo\Proyecto\GestionWeb\ria\phpcode\GestionWeb\index.php (13)
2012/12/15 13:54:54 [trace] [system.db.CDbCommand] Querying SQL: SELECT * FROM `categoriaproducto` `t` LIMIT 10
in C:\Trabajo\Proyecto\GestionWeb\ria\phpcode\GestionWeb\protected\views\categoriaproducto\index.php (20)
in C:\Trabajo\Proyecto\GestionWeb\ria\phpcode\GestionWeb\protected\controllers\CategoriaproductoController.php (128)
in C:\Trabajo\Proyecto\GestionWeb\ria\phpcode\GestionWeb\index.php (13)
2012/12/15 13:54:54 [trace] [system.CModule] Loading "coreMessages" application component
in C:\Trabajo\Proyecto\GestionWeb\ria\phpcode\GestionWeb\protected\views\categoriaproducto\index.php (20)
in C:\Trabajo\Proyecto\GestionWeb\ria\phpcode\GestionWeb\protected\controllers\CategoriaproductoController.php (128)
in C:\Trabajo\Proyecto\GestionWeb\ria\phpcode\GestionWeb\index.php (13)
2012/12/15 13:54:56 [trace] [system.CModule] Loading "log" application component
in C:\Trabajo\Proyecto\GestionWeb\ria\phpcode\GestionWeb\index.php (13)
2012/12/15 13:54:56 [trace] [system.CModule] Loading "bootstrap" application component
in C:\Trabajo\Proyecto\GestionWeb\ria\phpcode\GestionWeb\index.php (13)
2012/12/15 13:54:56 [trace] [system.CModule] Loading "clientScript" application component
in C:\Trabajo\Proyecto\GestionWeb\ria\phpcode\GestionWeb\protected\extensions\bootstrap\components\Bootstrap.php (163)
in C:\Trabajo\Proyecto\GestionWeb\ria\phpcode\GestionWeb\protected\extensions\bootstrap\components\Bootstrap.php (124)
in C:\Trabajo\Proyecto\GestionWeb\ria\phpcode\GestionWeb\protected\extensions\bootstrap\components\Bootstrap.php (102)
2012/12/15 13:54:56 [trace] [system.CModule] Loading "assetManager" application component
in C:\Trabajo\Proyecto\GestionWeb\ria\phpcode\GestionWeb\protected\extensions\bootstrap\components\Bootstrap.php (458)
in C:\Trabajo\Proyecto\GestionWeb\ria\phpcode\GestionWeb\protected\extensions\bootstrap\components\Bootstrap.php (163)
in C:\Trabajo\Proyecto\GestionWeb\ria\phpcode\GestionWeb\protected\extensions\bootstrap\components\Bootstrap.php (124)
2012/12/15 13:54:56 [trace] [system.CModule] Loading "request" application component
in C:\Trabajo\Proyecto\GestionWeb\ria\phpcode\GestionWeb\protected\extensions\bootstrap\components\Bootstrap.php (458)
in C:\Trabajo\Proyecto\GestionWeb\ria\phpcode\GestionWeb\protected\extensions\bootstrap\components\Bootstrap.php (163)
in C:\Trabajo\Proyecto\GestionWeb\ria\phpcode\GestionWeb\protected\extensions\bootstrap\components\Bootstrap.php (124)
2012/12/15 13:54:57 [trace] [system.CModule] Loading "urlManager" application component
in C:\Trabajo\Proyecto\GestionWeb\ria\phpcode\GestionWeb\index.php (13)
2012/12/15 13:54:57 [trace] [system.web.filters.CFilterChain] Running filter CategoriaproductoController.filteraccessControl()
in C:\Trabajo\Proyecto\GestionWeb\ria\phpcode\GestionWeb\index.php (13)
2012/12/15 13:54:57 [trace] [system.CModule] Loading "user" application component
in C:\Trabajo\Proyecto\GestionWeb\ria\phpcode\GestionWeb\index.php (13)
2012/12/15 13:54:57 [trace] [system.CModule] Loading "session" application component
in C:\Trabajo\Proyecto\GestionWeb\ria\phpcode\GestionWeb\index.php (13)
2012/12/15 13:54:57 [trace] [system.CModule] Loading "db" application component
in C:\Trabajo\Proyecto\GestionWeb\ria\phpcode\GestionWeb\protected\controllers\CategoriaproductoController.php (65)
in C:\Trabajo\Proyecto\GestionWeb\ria\phpcode\GestionWeb\index.php (13)
2012/12/15 13:54:57 [trace] [system.db.CDbConnection] Opening DB connection
in C:\Trabajo\Proyecto\GestionWeb\ria\phpcode\GestionWeb\protected\controllers\CategoriaproductoController.php (65)
in C:\Trabajo\Proyecto\GestionWeb\ria\phpcode\GestionWeb\index.php (13)
2012/12/15 13:54:57 [trace] [system.db.CDbCommand] Querying SQL: SHOW COLUMNS FROM `categoriaproducto`
in C:\Trabajo\Proyecto\GestionWeb\ria\phpcode\GestionWeb\protected\controllers\CategoriaproductoController.php (65)
in C:\Trabajo\Proyecto\GestionWeb\ria\phpcode\GestionWeb\index.php (13)
2012/12/15 13:54:57 [trace] [system.db.CDbCommand] Querying SQL: SHOW CREATE TABLE `categoriaproducto`
in C:\Trabajo\Proyecto\GestionWeb\ria\phpcode\GestionWeb\protected\controllers\CategoriaproductoController.php (65)
in C:\Trabajo\Proyecto\GestionWeb\ria\phpcode\GestionWeb\index.php (13)
2012/12/15 13:54:57 [trace] [system.CModule] Loading "widgetFactory" application component
in C:\Trabajo\Proyecto\GestionWeb\ria\phpcode\GestionWeb\protected\views\categoriaproducto\_form.php (12)
in C:\Trabajo\Proyecto\GestionWeb\ria\phpcode\GestionWeb\protected\views\categoriaproducto\create.php (18)
in C:\Trabajo\Proyecto\GestionWeb\ria\phpcode\GestionWeb\protected\controllers\CategoriaproductoController.php (79)
2012/12/15 13:54:57 [trace] [system.CModule] Loading "coreMessages" application component
in C:\Trabajo\Proyecto\GestionWeb\ria\phpcode\GestionWeb\protected\views\layouts\main.php (44)
in C:\Trabajo\Proyecto\GestionWeb\ria\phpcode\GestionWeb\protected\views\layouts\column2.php (23)
in C:\Trabajo\Proyecto\GestionWeb\ria\phpcode\GestionWeb\protected\controllers\CategoriaproductoController.php (79)
2012/12/15 13:56:52 [trace] [system.CModule] Loading "log" application component
in C:\Trabajo\Proyecto\GestionWeb\ria\phpcode\GestionWeb\index.php (13)
2012/12/15 13:56:52 [trace] [system.CModule] Loading "bootstrap" application component
in C:\Trabajo\Proyecto\GestionWeb\ria\phpcode\GestionWeb\index.php (13)
2012/12/15 13:56:52 [trace] [system.CModule] Loading "clientScript" application component
in C:\Trabajo\Proyecto\GestionWeb\ria\phpcode\GestionWeb\protected\extensions\bootstrap\components\Bootstrap.php (163)
in C:\Trabajo\Proyecto\GestionWeb\ria\phpcode\GestionWeb\protected\extensions\bootstrap\components\Bootstrap.php (124)
in C:\Trabajo\Proyecto\GestionWeb\ria\phpcode\GestionWeb\protected\extensions\bootstrap\components\Bootstrap.php (102)
2012/12/15 13:56:52 [trace] [system.CModule] Loading "assetManager" application component
in C:\Trabajo\Proyecto\GestionWeb\ria\phpcode\GestionWeb\protected\extensions\bootstrap\components\Bootstrap.php (458)
in C:\Trabajo\Proyecto\GestionWeb\ria\phpcode\GestionWeb\protected\extensions\bootstrap\components\Bootstrap.php (163)
in C:\Trabajo\Proyecto\GestionWeb\ria\phpcode\GestionWeb\protected\extensions\bootstrap\components\Bootstrap.php (124)
2012/12/15 13:56:52 [trace] [system.CModule] Loading "request" application component
in C:\Trabajo\Proyecto\GestionWeb\ria\phpcode\GestionWeb\protected\extensions\bootstrap\components\Bootstrap.php (458)
in C:\Trabajo\Proyecto\GestionWeb\ria\phpcode\GestionWeb\protected\extensions\bootstrap\components\Bootstrap.php (163)
in C:\Trabajo\Proyecto\GestionWeb\ria\phpcode\GestionWeb\protected\extensions\bootstrap\components\Bootstrap.php (124)
2012/12/15 13:56:53 [trace] [system.CModule] Loading "urlManager" application component
in C:\Trabajo\Proyecto\GestionWeb\ria\phpcode\GestionWeb\index.php (13)
2012/12/15 13:56:53 [trace] [system.web.filters.CFilterChain] Running filter ProductoController.filteraccessControl()
in C:\Trabajo\Proyecto\GestionWeb\ria\phpcode\GestionWeb\index.php (13)
2012/12/15 13:56:53 [trace] [system.CModule] Loading "user" application component
in C:\Trabajo\Proyecto\GestionWeb\ria\phpcode\GestionWeb\index.php (13)
2012/12/15 13:56:53 [trace] [system.CModule] Loading "session" application component
in C:\Trabajo\Proyecto\GestionWeb\ria\phpcode\GestionWeb\index.php (13)
2012/12/15 13:56:53 [trace] [system.CModule] Loading "db" application component
in C:\Trabajo\Proyecto\GestionWeb\ria\phpcode\GestionWeb\protected\controllers\ProductoController.php (65)
in C:\Trabajo\Proyecto\GestionWeb\ria\phpcode\GestionWeb\index.php (13)
2012/12/15 13:56:53 [trace] [system.db.CDbConnection] Opening DB connection
in C:\Trabajo\Proyecto\GestionWeb\ria\phpcode\GestionWeb\protected\controllers\ProductoController.php (65)
in C:\Trabajo\Proyecto\GestionWeb\ria\phpcode\GestionWeb\index.php (13)
2012/12/15 13:56:53 [trace] [system.db.CDbCommand] Querying SQL: SHOW COLUMNS FROM `producto`
in C:\Trabajo\Proyecto\GestionWeb\ria\phpcode\GestionWeb\protected\controllers\ProductoController.php (65)
in C:\Trabajo\Proyecto\GestionWeb\ria\phpcode\GestionWeb\index.php (13)
2012/12/15 13:56:53 [trace] [system.db.CDbCommand] Querying SQL: SHOW CREATE TABLE `producto`
in C:\Trabajo\Proyecto\GestionWeb\ria\phpcode\GestionWeb\protected\controllers\ProductoController.php (65)
in C:\Trabajo\Proyecto\GestionWeb\ria\phpcode\GestionWeb\index.php (13)
2012/12/15 13:56:53 [trace] [system.CModule] Loading "widgetFactory" application component
in C:\Trabajo\Proyecto\GestionWeb\ria\phpcode\GestionWeb\protected\views\producto\_form.php (14)
in C:\Trabajo\Proyecto\GestionWeb\ria\phpcode\GestionWeb\protected\views\producto\create.php (18)
in C:\Trabajo\Proyecto\GestionWeb\ria\phpcode\GestionWeb\protected\controllers\ProductoController.php (79)
2012/12/15 13:56:53 [trace] [system.db.CDbCommand] Querying SQL: SHOW COLUMNS FROM `categoriaproducto`
in C:\Trabajo\Proyecto\GestionWeb\ria\phpcode\GestionWeb\protected\models\Categoriaproducto.php (22)
in C:\Trabajo\Proyecto\GestionWeb\ria\phpcode\GestionWeb\protected\views\producto\_form.php (40)
in C:\Trabajo\Proyecto\GestionWeb\ria\phpcode\GestionWeb\protected\views\producto\create.php (18)
2012/12/15 13:56:53 [trace] [system.db.CDbCommand] Querying SQL: SHOW CREATE TABLE `categoriaproducto`
in C:\Trabajo\Proyecto\GestionWeb\ria\phpcode\GestionWeb\protected\models\Categoriaproducto.php (22)
in C:\Trabajo\Proyecto\GestionWeb\ria\phpcode\GestionWeb\protected\views\producto\_form.php (40)
in C:\Trabajo\Proyecto\GestionWeb\ria\phpcode\GestionWeb\protected\views\producto\create.php (18)
2012/12/15 13:56:53 [trace] [system.db.ar.CActiveRecord] Categoriaproducto.findAll()
in C:\Trabajo\Proyecto\GestionWeb\ria\phpcode\GestionWeb\protected\views\producto\_form.php (40)
in C:\Trabajo\Proyecto\GestionWeb\ria\phpcode\GestionWeb\protected\views\producto\create.php (18)
in C:\Trabajo\Proyecto\GestionWeb\ria\phpcode\GestionWeb\protected\controllers\ProductoController.php (79)
2012/12/15 13:56:53 [trace] [system.db.CDbCommand] Querying SQL: SELECT * FROM `categoriaproducto` `t`
in C:\Trabajo\Proyecto\GestionWeb\ria\phpcode\GestionWeb\protected\views\producto\_form.php (40)
in C:\Trabajo\Proyecto\GestionWeb\ria\phpcode\GestionWeb\protected\views\producto\create.php (18)
in C:\Trabajo\Proyecto\GestionWeb\ria\phpcode\GestionWeb\protected\controllers\ProductoController.php (79)
2012/12/15 13:56:53 [trace] [system.CModule] Loading "coreMessages" application component
in C:\Trabajo\Proyecto\GestionWeb\ria\phpcode\GestionWeb\protected\views\layouts\main.php (44)
in C:\Trabajo\Proyecto\GestionWeb\ria\phpcode\GestionWeb\protected\views\layouts\column2.php (23)
in C:\Trabajo\Proyecto\GestionWeb\ria\phpcode\GestionWeb\protected\controllers\ProductoController.php (79)
2012/12/15 13:56:56 [trace] [system.CModule] Loading "log" application component
in C:\Trabajo\Proyecto\GestionWeb\ria\phpcode\GestionWeb\index.php (13)
2012/12/15 13:56:56 [trace] [system.CModule] Loading "bootstrap" application component
in C:\Trabajo\Proyecto\GestionWeb\ria\phpcode\GestionWeb\index.php (13)
2012/12/15 13:56:56 [trace] [system.CModule] Loading "clientScript" application component
in C:\Trabajo\Proyecto\GestionWeb\ria\phpcode\GestionWeb\protected\extensions\bootstrap\components\Bootstrap.php (163)
in C:\Trabajo\Proyecto\GestionWeb\ria\phpcode\GestionWeb\protected\extensions\bootstrap\components\Bootstrap.php (124)
in C:\Trabajo\Proyecto\GestionWeb\ria\phpcode\GestionWeb\protected\extensions\bootstrap\components\Bootstrap.php (102)
2012/12/15 13:56:56 [trace] [system.CModule] Loading "assetManager" application component
in C:\Trabajo\Proyecto\GestionWeb\ria\phpcode\GestionWeb\protected\extensions\bootstrap\components\Bootstrap.php (458)
in C:\Trabajo\Proyecto\GestionWeb\ria\phpcode\GestionWeb\protected\extensions\bootstrap\components\Bootstrap.php (163)
in C:\Trabajo\Proyecto\GestionWeb\ria\phpcode\GestionWeb\protected\extensions\bootstrap\components\Bootstrap.php (124)
2012/12/15 13:56:56 [trace] [system.CModule] Loading "request" application component
in C:\Trabajo\Proyecto\GestionWeb\ria\phpcode\GestionWeb\protected\extensions\bootstrap\components\Bootstrap.php (458)
in C:\Trabajo\Proyecto\GestionWeb\ria\phpcode\GestionWeb\protected\extensions\bootstrap\components\Bootstrap.php (163)
in C:\Trabajo\Proyecto\GestionWeb\ria\phpcode\GestionWeb\protected\extensions\bootstrap\components\Bootstrap.php (124)
2012/12/15 13:56:57 [trace] [system.CModule] Loading "urlManager" application component
in C:\Trabajo\Proyecto\GestionWeb\ria\phpcode\GestionWeb\index.php (13)
2012/12/15 13:56:57 [trace] [system.web.filters.CFilterChain] Running filter ProductoController.filteraccessControl()
in C:\Trabajo\Proyecto\GestionWeb\ria\phpcode\GestionWeb\index.php (13)
2012/12/15 13:56:57 [trace] [system.CModule] Loading "user" application component
in C:\Trabajo\Proyecto\GestionWeb\ria\phpcode\GestionWeb\index.php (13)
2012/12/15 13:56:57 [trace] [system.CModule] Loading "session" application component
in C:\Trabajo\Proyecto\GestionWeb\ria\phpcode\GestionWeb\index.php (13)
2012/12/15 13:56:57 [trace] [system.CModule] Loading "db" application component
in C:\Trabajo\Proyecto\GestionWeb\ria\phpcode\GestionWeb\protected\controllers\ProductoController.php (125)
in C:\Trabajo\Proyecto\GestionWeb\ria\phpcode\GestionWeb\index.php (13)
2012/12/15 13:56:57 [trace] [system.db.CDbConnection] Opening DB connection
in C:\Trabajo\Proyecto\GestionWeb\ria\phpcode\GestionWeb\protected\controllers\ProductoController.php (125)
in C:\Trabajo\Proyecto\GestionWeb\ria\phpcode\GestionWeb\index.php (13)
2012/12/15 13:56:57 [trace] [system.db.CDbCommand] Querying SQL: SHOW COLUMNS FROM `producto`
in C:\Trabajo\Proyecto\GestionWeb\ria\phpcode\GestionWeb\protected\controllers\ProductoController.php (125)
in C:\Trabajo\Proyecto\GestionWeb\ria\phpcode\GestionWeb\index.php (13)
2012/12/15 13:56:57 [trace] [system.db.CDbCommand] Querying SQL: SHOW CREATE TABLE `producto`
in C:\Trabajo\Proyecto\GestionWeb\ria\phpcode\GestionWeb\protected\controllers\ProductoController.php (125)
in C:\Trabajo\Proyecto\GestionWeb\ria\phpcode\GestionWeb\index.php (13)
2012/12/15 13:56:57 [trace] [system.CModule] Loading "widgetFactory" application component
in C:\Trabajo\Proyecto\GestionWeb\ria\phpcode\GestionWeb\protected\views\producto\index.php (20)
in C:\Trabajo\Proyecto\GestionWeb\ria\phpcode\GestionWeb\protected\controllers\ProductoController.php (128)
in C:\Trabajo\Proyecto\GestionWeb\ria\phpcode\GestionWeb\index.php (13)
2012/12/15 13:56:57 [trace] [system.db.ar.CActiveRecord] Producto.count()
in C:\Trabajo\Proyecto\GestionWeb\ria\phpcode\GestionWeb\protected\views\producto\index.php (20)
in C:\Trabajo\Proyecto\GestionWeb\ria\phpcode\GestionWeb\protected\controllers\ProductoController.php (128)
in C:\Trabajo\Proyecto\GestionWeb\ria\phpcode\GestionWeb\index.php (13)
2012/12/15 13:56:57 [trace] [system.db.CDbCommand] Querying SQL: SELECT COUNT(*) FROM `producto` `t`
in C:\Trabajo\Proyecto\GestionWeb\ria\phpcode\GestionWeb\protected\views\producto\index.php (20)
in C:\Trabajo\Proyecto\GestionWeb\ria\phpcode\GestionWeb\protected\controllers\ProductoController.php (128)
in C:\Trabajo\Proyecto\GestionWeb\ria\phpcode\GestionWeb\index.php (13)
2012/12/15 13:56:57 [trace] [system.db.ar.CActiveRecord] Producto.findAll()
in C:\Trabajo\Proyecto\GestionWeb\ria\phpcode\GestionWeb\protected\views\producto\index.php (20)
in C:\Trabajo\Proyecto\GestionWeb\ria\phpcode\GestionWeb\protected\controllers\ProductoController.php (128)
in C:\Trabajo\Proyecto\GestionWeb\ria\phpcode\GestionWeb\index.php (13)
2012/12/15 13:56:57 [trace] [system.db.CDbCommand] Querying SQL: SELECT * FROM `producto` `t` LIMIT 10
in C:\Trabajo\Proyecto\GestionWeb\ria\phpcode\GestionWeb\protected\views\producto\index.php (20)
in C:\Trabajo\Proyecto\GestionWeb\ria\phpcode\GestionWeb\protected\controllers\ProductoController.php (128)
in C:\Trabajo\Proyecto\GestionWeb\ria\phpcode\GestionWeb\index.php (13)
2012/12/15 13:56:57 [trace] [system.CModule] Loading "coreMessages" application component
in C:\Trabajo\Proyecto\GestionWeb\ria\phpcode\GestionWeb\protected\views\producto\index.php (20)
in C:\Trabajo\Proyecto\GestionWeb\ria\phpcode\GestionWeb\protected\controllers\ProductoController.php (128)
in C:\Trabajo\Proyecto\GestionWeb\ria\phpcode\GestionWeb\index.php (13)
2012/12/15 13:57:04 [trace] [system.CModule] Loading "log" application component
in C:\Trabajo\Proyecto\GestionWeb\ria\phpcode\GestionWeb\index.php (13)
2012/12/15 13:57:04 [trace] [system.CModule] Loading "bootstrap" application component
in C:\Trabajo\Proyecto\GestionWeb\ria\phpcode\GestionWeb\index.php (13)
2012/12/15 13:57:04 [trace] [system.CModule] Loading "clientScript" application component
in C:\Trabajo\Proyecto\GestionWeb\ria\phpcode\GestionWeb\protected\extensions\bootstrap\components\Bootstrap.php (163)
in C:\Trabajo\Proyecto\GestionWeb\ria\phpcode\GestionWeb\protected\extensions\bootstrap\components\Bootstrap.php (124)
in C:\Trabajo\Proyecto\GestionWeb\ria\phpcode\GestionWeb\protected\extensions\bootstrap\components\Bootstrap.php (102)
2012/12/15 13:57:04 [trace] [system.CModule] Loading "assetManager" application component
in C:\Trabajo\Proyecto\GestionWeb\ria\phpcode\GestionWeb\protected\extensions\bootstrap\components\Bootstrap.php (458)
in C:\Trabajo\Proyecto\GestionWeb\ria\phpcode\GestionWeb\protected\extensions\bootstrap\components\Bootstrap.php (163)
in C:\Trabajo\Proyecto\GestionWeb\ria\phpcode\GestionWeb\protected\extensions\bootstrap\components\Bootstrap.php (124)
2012/12/15 13:57:04 [trace] [system.CModule] Loading "request" application component
in C:\Trabajo\Proyecto\GestionWeb\ria\phpcode\GestionWeb\protected\extensions\bootstrap\components\Bootstrap.php (458)
in C:\Trabajo\Proyecto\GestionWeb\ria\phpcode\GestionWeb\protected\extensions\bootstrap\components\Bootstrap.php (163)
in C:\Trabajo\Proyecto\GestionWeb\ria\phpcode\GestionWeb\protected\extensions\bootstrap\components\Bootstrap.php (124)
2012/12/15 13:57:08 [trace] [system.CModule] Loading "urlManager" application component
in C:\Trabajo\Proyecto\GestionWeb\ria\phpcode\GestionWeb\index.php (13)
2012/12/15 13:57:08 [trace] [system.web.filters.CFilterChain] Running filter ProductoController.filteraccessControl()
in C:\Trabajo\Proyecto\GestionWeb\ria\phpcode\GestionWeb\index.php (13)
2012/12/15 13:57:08 [trace] [system.CModule] Loading "user" application component
in C:\Trabajo\Proyecto\GestionWeb\ria\phpcode\GestionWeb\index.php (13)
2012/12/15 13:57:08 [trace] [system.CModule] Loading "session" application component
in C:\Trabajo\Proyecto\GestionWeb\ria\phpcode\GestionWeb\index.php (13)
2012/12/15 13:57:08 [trace] [system.CModule] Loading "db" application component
in C:\Trabajo\Proyecto\GestionWeb\ria\phpcode\GestionWeb\protected\controllers\ProductoController.php (125)
in C:\Trabajo\Proyecto\GestionWeb\ria\phpcode\GestionWeb\index.php (13)
2012/12/15 13:57:08 [trace] [system.db.CDbConnection] Opening DB connection
in C:\Trabajo\Proyecto\GestionWeb\ria\phpcode\GestionWeb\protected\controllers\ProductoController.php (125)
in C:\Trabajo\Proyecto\GestionWeb\ria\phpcode\GestionWeb\index.php (13)
2012/12/15 13:57:08 [trace] [system.db.CDbCommand] Querying SQL: SHOW COLUMNS FROM `producto`
in C:\Trabajo\Proyecto\GestionWeb\ria\phpcode\GestionWeb\protected\controllers\ProductoController.php (125)
in C:\Trabajo\Proyecto\GestionWeb\ria\phpcode\GestionWeb\index.php (13)
2012/12/15 13:57:08 [trace] [system.db.CDbCommand] Querying SQL: SHOW CREATE TABLE `producto`
in C:\Trabajo\Proyecto\GestionWeb\ria\phpcode\GestionWeb\protected\controllers\ProductoController.php (125)
in C:\Trabajo\Proyecto\GestionWeb\ria\phpcode\GestionWeb\index.php (13)
2012/12/15 13:57:08 [trace] [system.CModule] Loading "widgetFactory" application component
in C:\Trabajo\Proyecto\GestionWeb\ria\phpcode\GestionWeb\protected\views\producto\index.php (20)
in C:\Trabajo\Proyecto\GestionWeb\ria\phpcode\GestionWeb\protected\controllers\ProductoController.php (128)
in C:\Trabajo\Proyecto\GestionWeb\ria\phpcode\GestionWeb\index.php (13)
2012/12/15 13:57:08 [trace] [system.db.ar.CActiveRecord] Producto.count()
in C:\Trabajo\Proyecto\GestionWeb\ria\phpcode\GestionWeb\protected\views\producto\index.php (20)
in C:\Trabajo\Proyecto\GestionWeb\ria\phpcode\GestionWeb\protected\controllers\ProductoController.php (128)
in C:\Trabajo\Proyecto\GestionWeb\ria\phpcode\GestionWeb\index.php (13)
2012/12/15 13:57:08 [trace] [system.db.CDbCommand] Querying SQL: SELECT COUNT(*) FROM `producto` `t`
in C:\Trabajo\Proyecto\GestionWeb\ria\phpcode\GestionWeb\protected\views\producto\index.php (20)
in C:\Trabajo\Proyecto\GestionWeb\ria\phpcode\GestionWeb\protected\controllers\ProductoController.php (128)
in C:\Trabajo\Proyecto\GestionWeb\ria\phpcode\GestionWeb\index.php (13)
2012/12/15 13:57:08 [trace] [system.db.ar.CActiveRecord] Producto.findAll()
in C:\Trabajo\Proyecto\GestionWeb\ria\phpcode\GestionWeb\protected\views\producto\index.php (20)
in C:\Trabajo\Proyecto\GestionWeb\ria\phpcode\GestionWeb\protected\controllers\ProductoController.php (128)
in C:\Trabajo\Proyecto\GestionWeb\ria\phpcode\GestionWeb\index.php (13)
2012/12/15 13:57:08 [trace] [system.db.CDbCommand] Querying SQL: SELECT * FROM `producto` `t` LIMIT 10
in C:\Trabajo\Proyecto\GestionWeb\ria\phpcode\GestionWeb\protected\views\producto\index.php (20)
in C:\Trabajo\Proyecto\GestionWeb\ria\phpcode\GestionWeb\protected\controllers\ProductoController.php (128)
in C:\Trabajo\Proyecto\GestionWeb\ria\phpcode\GestionWeb\index.php (13)
2012/12/15 13:57:08 [trace] [system.CModule] Loading "coreMessages" application component
in C:\Trabajo\Proyecto\GestionWeb\ria\phpcode\GestionWeb\protected\views\producto\index.php (20)
in C:\Trabajo\Proyecto\GestionWeb\ria\phpcode\GestionWeb\protected\controllers\ProductoController.php (128)
in C:\Trabajo\Proyecto\GestionWeb\ria\phpcode\GestionWeb\index.php (13)
2012/12/15 13:57:11 [trace] [system.CModule] Loading "log" application component
in C:\Trabajo\Proyecto\GestionWeb\ria\phpcode\GestionWeb\index.php (13)
2012/12/15 13:57:11 [trace] [system.CModule] Loading "bootstrap" application component
in C:\Trabajo\Proyecto\GestionWeb\ria\phpcode\GestionWeb\index.php (13)
2012/12/15 13:57:11 [trace] [system.CModule] Loading "clientScript" application component
in C:\Trabajo\Proyecto\GestionWeb\ria\phpcode\GestionWeb\protected\extensions\bootstrap\components\Bootstrap.php (163)
in C:\Trabajo\Proyecto\GestionWeb\ria\phpcode\GestionWeb\protected\extensions\bootstrap\components\Bootstrap.php (124)
in C:\Trabajo\Proyecto\GestionWeb\ria\phpcode\GestionWeb\protected\extensions\bootstrap\components\Bootstrap.php (102)
2012/12/15 13:57:11 [trace] [system.CModule] Loading "assetManager" application component
in C:\Trabajo\Proyecto\GestionWeb\ria\phpcode\GestionWeb\protected\extensions\bootstrap\components\Bootstrap.php (458)
in C:\Trabajo\Proyecto\GestionWeb\ria\phpcode\GestionWeb\protected\extensions\bootstrap\components\Bootstrap.php (163)
in C:\Trabajo\Proyecto\GestionWeb\ria\phpcode\GestionWeb\protected\extensions\bootstrap\components\Bootstrap.php (124)
2012/12/15 13:57:11 [trace] [system.CModule] Loading "request" application component
in C:\Trabajo\Proyecto\GestionWeb\ria\phpcode\GestionWeb\protected\extensions\bootstrap\components\Bootstrap.php (458)
in C:\Trabajo\Proyecto\GestionWeb\ria\phpcode\GestionWeb\protected\extensions\bootstrap\components\Bootstrap.php (163)
in C:\Trabajo\Proyecto\GestionWeb\ria\phpcode\GestionWeb\protected\extensions\bootstrap\components\Bootstrap.php (124)
2012/12/15 13:57:16 [trace] [system.CModule] Loading "urlManager" application component
in C:\Trabajo\Proyecto\GestionWeb\ria\phpcode\GestionWeb\index.php (13)
2012/12/15 13:57:16 [trace] [system.web.filters.CFilterChain] Running filter ProductoController.filteraccessControl()
in C:\Trabajo\Proyecto\GestionWeb\ria\phpcode\GestionWeb\index.php (13)
2012/12/15 13:57:16 [trace] [system.CModule] Loading "user" application component
in C:\Trabajo\Proyecto\GestionWeb\ria\phpcode\GestionWeb\index.php (13)
2012/12/15 13:57:16 [trace] [system.CModule] Loading "session" application component
in C:\Trabajo\Proyecto\GestionWeb\ria\phpcode\GestionWeb\index.php (13)
2012/12/15 13:57:16 [trace] [system.CModule] Loading "db" application component
in C:\Trabajo\Proyecto\GestionWeb\ria\phpcode\GestionWeb\protected\controllers\ProductoController.php (65)
in C:\Trabajo\Proyecto\GestionWeb\ria\phpcode\GestionWeb\index.php (13)
2012/12/15 13:57:16 [trace] [system.db.CDbConnection] Opening DB connection
in C:\Trabajo\Proyecto\GestionWeb\ria\phpcode\GestionWeb\protected\controllers\ProductoController.php (65)
in C:\Trabajo\Proyecto\GestionWeb\ria\phpcode\GestionWeb\index.php (13)
2012/12/15 13:57:16 [trace] [system.db.CDbCommand] Querying SQL: SHOW COLUMNS FROM `producto`
in C:\Trabajo\Proyecto\GestionWeb\ria\phpcode\GestionWeb\protected\controllers\ProductoController.php (65)
in C:\Trabajo\Proyecto\GestionWeb\ria\phpcode\GestionWeb\index.php (13)
2012/12/15 13:57:16 [trace] [system.db.CDbCommand] Querying SQL: SHOW CREATE TABLE `producto`
in C:\Trabajo\Proyecto\GestionWeb\ria\phpcode\GestionWeb\protected\controllers\ProductoController.php (65)
in C:\Trabajo\Proyecto\GestionWeb\ria\phpcode\GestionWeb\index.php (13)
2012/12/15 13:57:16 [trace] [system.CModule] Loading "widgetFactory" application component
in C:\Trabajo\Proyecto\GestionWeb\ria\phpcode\GestionWeb\protected\views\producto\_form.php (14)
in C:\Trabajo\Proyecto\GestionWeb\ria\phpcode\GestionWeb\protected\views\producto\create.php (18)
in C:\Trabajo\Proyecto\GestionWeb\ria\phpcode\GestionWeb\protected\controllers\ProductoController.php (79)
2012/12/15 13:57:16 [trace] [system.db.CDbCommand] Querying SQL: SHOW COLUMNS FROM `categoriaproducto`
in C:\Trabajo\Proyecto\GestionWeb\ria\phpcode\GestionWeb\protected\models\Categoriaproducto.php (22)
in C:\Trabajo\Proyecto\GestionWeb\ria\phpcode\GestionWeb\protected\views\producto\_form.php (40)
in C:\Trabajo\Proyecto\GestionWeb\ria\phpcode\GestionWeb\protected\views\producto\create.php (18)
2012/12/15 13:57:16 [trace] [system.db.CDbCommand] Querying SQL: SHOW CREATE TABLE `categoriaproducto`
in C:\Trabajo\Proyecto\GestionWeb\ria\phpcode\GestionWeb\protected\models\Categoriaproducto.php (22)
in C:\Trabajo\Proyecto\GestionWeb\ria\phpcode\GestionWeb\protected\views\producto\_form.php (40)
in C:\Trabajo\Proyecto\GestionWeb\ria\phpcode\GestionWeb\protected\views\producto\create.php (18)
2012/12/15 13:57:16 [trace] [system.db.ar.CActiveRecord] Categoriaproducto.findAll()
in C:\Trabajo\Proyecto\GestionWeb\ria\phpcode\GestionWeb\protected\views\producto\_form.php (40)
in C:\Trabajo\Proyecto\GestionWeb\ria\phpcode\GestionWeb\protected\views\producto\create.php (18)
in C:\Trabajo\Proyecto\GestionWeb\ria\phpcode\GestionWeb\protected\controllers\ProductoController.php (79)
2012/12/15 13:57:16 [trace] [system.db.CDbCommand] Querying SQL: SELECT * FROM `categoriaproducto` `t`
in C:\Trabajo\Proyecto\GestionWeb\ria\phpcode\GestionWeb\protected\views\producto\_form.php (40)
in C:\Trabajo\Proyecto\GestionWeb\ria\phpcode\GestionWeb\protected\views\producto\create.php (18)
in C:\Trabajo\Proyecto\GestionWeb\ria\phpcode\GestionWeb\protected\controllers\ProductoController.php (79)
2012/12/15 13:57:16 [trace] [system.CModule] Loading "coreMessages" application component
in C:\Trabajo\Proyecto\GestionWeb\ria\phpcode\GestionWeb\protected\views\layouts\main.php (44)
in C:\Trabajo\Proyecto\GestionWeb\ria\phpcode\GestionWeb\protected\views\layouts\column2.php (23)
in C:\Trabajo\Proyecto\GestionWeb\ria\phpcode\GestionWeb\protected\controllers\ProductoController.php (79)
